<?xml version="1.0" encoding="UTF-8"?>
<!-- Generated by org.testng.reporters.JUnitReportReporter -->
<testsuite skipped="0" hostname="MNIDSK0016" name="com.flipkart.testcases.Login_Test" tests="1" failures="0" timestamp="05 Dec 2018 12:48:04 GMT" time="40.101" errors="0">
  <testcase name="Mobile" time="40.101" classname="com.flipkart.testcases.Login_Test"/>
</testsuite> <!-- com.flipkart.testcases.Login_Test -->
